<?xml version="1.0" encoding="UTF-8"?>
<!-- Generated by org.testng.reporters.JUnitReportReporter -->
<testsuite hostname="shah4corp" failures="0" tests="1" name="seleniumPractice.WelcomeMessage" time="0.019" errors="0" timestamp="2022-10-01T14:08:57 IST" skipped="0">
  <testcase classname="seleniumPractice.WelcomeMessage" name="welcomemessageMethod" time="0.019"/>
  <system-out/>
</testsuite> <!-- seleniumPractice.WelcomeMessage -->
