<?xml version="1.0" encoding="UTF-8"?>
<!-- Generated by org.testng.reporters.JUnitReportReporter -->
<testsuite hostname="shah4corp" failures="0" tests="3" name="testngPractice.TestNG_Priority19112022" time="0.042" errors="0" timestamp="2022-11-19T17:34:42 IST" skipped="1">
  <testcase classname="testngPractice.TestNG_Priority19112022" name="testMethod3" time="0.033"/>
  <system-out/>
  <testcase classname="testngPractice.TestNG_Priority19112022" name="testMethod2" time="0.009"/>
  <system-out/>
  <testcase classname="testngPractice.TestNG_Priority19112022" name="testMethod1">
    <skipped/>
  </testcase> <!-- testMethod1 -->
  <system-out/>
</testsuite> <!-- testngPractice.TestNG_Priority19112022 -->
