<?xml version="1.0" encoding="UTF-8"?>
<!-- Generated by org.testng.reporters.JUnitReportReporter -->
<testsuite hostname="shah4corp" failures="0" tests="2" name="ExtentReport.SearchTestCase" time="0.438" errors="0" timestamp="2023-01-21T23:24:11 IST" skipped="0">
  <testcase classname="ExtentReport.SearchTestCase" name="testcase_002" time="0.381"/>
  <system-out/>
  <testcase classname="ExtentReport.SearchTestCase" name="Testcase_001" time="0.057"/>
  <system-out/>
</testsuite> <!-- ExtentReport.SearchTestCase -->
