<?xml version="1.0" encoding="UTF-8"?>
<!-- Generated by org.testng.reporters.JUnitReportReporter -->
<testsuite hostname="shah4corp" failures="0" tests="2" name="testngPractice.TestNG_TestClass2" time="0.021" errors="0" timestamp="2022-11-10T19:38:27 IST" skipped="0">
  <testcase classname="testngPractice.TestNG_TestClass2" name="testMethod1" time="0.008"/>
  <system-out/>
  <testcase classname="testngPractice.TestNG_TestClass2" name="testMethod2" time="0.013"/>
  <system-out/>
</testsuite> <!-- testngPractice.TestNG_TestClass2 -->
