<?xml version="1.0" encoding="UTF-8"?>
<!-- Generated by org.testng.reporters.JUnitReportReporter -->
<testsuite hostname="shah4corp" failures="0" tests="3" name="testngPractice.TestNG_Asserts" time="0.029" errors="0" timestamp="2022-12-24T07:38:45 IST" skipped="0">
  <testcase classname="testngPractice.TestNG_Asserts" name="testStrings" time="0.004"/>
  <system-out/>
  <testcase classname="testngPractice.TestNG_Asserts" name="testSum" time="0.002"/>
  <system-out/>
  <testcase classname="testngPractice.TestNG_Asserts" name="testArrays" time="0.023"/>
  <system-out/>
</testsuite> <!-- testngPractice.TestNG_Asserts -->
