<?xml version="1.0" encoding="UTF-8"?>
<!-- Generated by org.testng.reporters.JUnitReportReporter -->
<testsuite hostname="shah4corp" failures="0" tests="2" name="testngPractice.TestNG_TestClass1" time="0.024" errors="0" timestamp="2022-11-10T19:39:00 IST" skipped="0">
  <testcase classname="testngPractice.TestNG_TestClass1" name="testMethod2" time="0.005"/>
  <system-out/>
  <testcase classname="testngPractice.TestNG_TestClass1" name="testMethod1" time="0.019"/>
  <system-out/>
</testsuite> <!-- testngPractice.TestNG_TestClass1 -->
