<?xml version="1.0" encoding="UTF-8"?>
<!-- Generated by org.testng.reporters.JUnitReportReporter -->
<testsuite hostname="shah4corp" failures="0" tests="3" name="testngPractice.TestNG_SoftAsserts" time="0.044" errors="0" timestamp="2022-12-24T07:42:54 IST" skipped="0">
  <testcase classname="testngPractice.TestNG_SoftAsserts" name="testStrings" time="0.003"/>
  <system-out/>
  <testcase classname="testngPractice.TestNG_SoftAsserts" name="testSum" time="0.015"/>
  <system-out/>
  <testcase classname="testngPractice.TestNG_SoftAsserts" name="testArrays" time="0.026"/>
  <system-out/>
</testsuite> <!-- testngPractice.TestNG_SoftAsserts -->
