<?xml version="1.0" encoding="UTF-8"?>
<!-- Generated by org.testng.reporters.JUnitReportReporter -->
<testsuite hostname="shah4corp" failures="0" tests="2" name="testngPractice.TestNG_SeleniumParametersParallelExample" time="0.519" errors="0" timestamp="2022-11-21T22:20:08 IST" skipped="0">
  <testcase classname="testngPractice.TestNG_SeleniumParametersParallelExample" name="testLogin" time="0.166"/>
  <system-out/>
  <testcase classname="testngPractice.TestNG_SeleniumParametersParallelExample" name="testLogin" time="0.353"/>
  <system-out/>
</testsuite> <!-- testngPractice.TestNG_SeleniumParametersParallelExample -->
